----------

Mon Apr 13 2020 20:41:18 GMT-0400 (Eastern Daylight Time)

To github.com:kelindi/kelindi.github.io.git
   35922a3..23c46f4  master -> master


----------

Tue Apr 14 2020 19:08:13 GMT-0400 (Eastern Daylight Time)

To github.com:kelindi/kelindi.github.io.git
   d4a1de1..b3b10f7  master -> master


----------

Tue Apr 14 2020 23:35:12 GMT-0400 (Eastern Daylight Time)

To github.com:kelindi/kelindi.github.io.git
   b3b10f7..06b90c0  master -> master


----------

Wed Apr 15 2020 15:12:16 GMT-0400 (Eastern Daylight Time)

To github.com:kelindi/kelindi.github.io.git
   06b90c0..e0587c7  master -> master


----------

Wed Apr 15 2020 15:20:07 GMT-0400 (Eastern Daylight Time)

To github.com:kelindi/kelindi.github.io.git
   e0587c7..6fc658b  master -> master


----------

Wed Apr 15 2020 18:17:24 GMT-0400 (Eastern Daylight Time)

To github.com:kelindi/kelindi.github.io.git
   6fc658b..c9fa763  master -> master


----------

Wed Apr 15 2020 22:04:38 GMT-0400 (Eastern Daylight Time)

To github.com:kelindi/kelindi.github.io.git
   47e0509..95c569c  master -> master


----------

Thu Apr 23 2020 21:22:56 GMT-0400 (Eastern Daylight Time)

To github.com:kelindi/kelindi.github.io.git
   95c569c..ca694ea  master -> master


----------

Thu Apr 23 2020 21:27:20 GMT-0400 (Eastern Daylight Time)

To github.com:kelindi/kelindi.github.io.git
   ca694ea..975c456  master -> master


----------

Thu Apr 23 2020 21:40:27 GMT-0400 (Eastern Daylight Time)

To github.com:kelindi/kelindi.github.io.git
   975c456..eb4b473  master -> master


----------

Thu Apr 23 2020 22:15:01 GMT-0400 (Eastern Daylight Time)

To github.com:kelindi/kelindi.github.io.git
   eb4b473..cde17c8  master -> master


----------

Thu Apr 23 2020 22:35:27 GMT-0400 (Eastern Daylight Time)

To github.com:kelindi/kelindi.github.io.git
   cde17c8..e918c30  master -> master


----------

Sat Apr 25 2020 00:06:38 GMT-0400 (Eastern Daylight Time)

To github.com:kelindi/kelindi.github.io.git
   e918c30..7eb1611  master -> master


----------

Sat Apr 25 2020 12:36:27 GMT-0400 (Eastern Daylight Time)

To github.com:kelindi/kelindi.github.io.git
   7eb1611..99872ec  master -> master


----------

Sat Apr 25 2020 12:37:05 GMT-0400 (Eastern Daylight Time)

To github.com:kelindi/kelindi.github.io.git
   99872ec..62bf3f5  master -> master


----------

Sat Apr 25 2020 12:43:46 GMT-0400 (Eastern Daylight Time)

To github.com:kelindi/kelindi.github.io.git
   62bf3f5..9d97e75  master -> master


----------

Sat Apr 25 2020 12:45:47 GMT-0400 (Eastern Daylight Time)

To github.com:kelindi/kelindi.github.io.git
   9d97e75..09592c3  master -> master


----------

Sat Apr 25 2020 12:51:05 GMT-0400 (Eastern Daylight Time)

To github.com:kelindi/kelindi.github.io.git
   09592c3..f6edd1e  master -> master


----------

Sat Apr 25 2020 12:54:17 GMT-0400 (Eastern Daylight Time)

To github.com:kelindi/kelindi.github.io.git
   f6edd1e..3b199e6  master -> master


----------

Sat Apr 25 2020 12:57:52 GMT-0400 (Eastern Daylight Time)

To github.com:kelindi/kelindi.github.io.git
   3b199e6..06125e2  master -> master


----------

Sat Apr 25 2020 13:47:02 GMT-0400 (Eastern Daylight Time)

To github.com:kelindi/kelindi.github.io.git
   06125e2..385490a  master -> master


----------

Sat Apr 25 2020 13:48:59 GMT-0400 (Eastern Daylight Time)

To github.com:kelindi/kelindi.github.io.git
   385490a..51126e2  master -> master


----------

Sat Apr 25 2020 13:49:37 GMT-0400 (Eastern Daylight Time)

To github.com:kelindi/kelindi.github.io.git
   51126e2..82d44f1  master -> master


----------

Sat Apr 25 2020 13:49:55 GMT-0400 (Eastern Daylight Time)

To github.com:kelindi/kelindi.github.io.git
   82d44f1..86b6c7b  master -> master


----------

Sat Apr 25 2020 13:50:51 GMT-0400 (Eastern Daylight Time)

To github.com:kelindi/kelindi.github.io.git
   86b6c7b..498083b  master -> master


----------

Sat Apr 25 2020 13:51:06 GMT-0400 (Eastern Daylight Time)

To github.com:kelindi/kelindi.github.io.git
   498083b..c828d89  master -> master


----------

Sat Apr 25 2020 13:58:37 GMT-0400 (Eastern Daylight Time)

To github.com:kelindi/kelindi.github.io.git
   c828d89..195108c  master -> master


----------

Sat Apr 25 2020 14:01:18 GMT-0400 (Eastern Daylight Time)

To github.com:kelindi/kelindi.github.io.git
   195108c..f5960c6  master -> master


----------

Sat Apr 25 2020 15:11:54 GMT-0400 (Eastern Daylight Time)

To github.com:kelindi/kelindi.github.io.git
   f5960c6..3c28204  master -> master


----------

Sat Apr 25 2020 15:16:17 GMT-0400 (Eastern Daylight Time)

To github.com:kelindi/kelindi.github.io.git
   3c28204..65c5665  master -> master


----------

Sat Apr 25 2020 15:18:04 GMT-0400 (Eastern Daylight Time)

To github.com:kelindi/kelindi.github.io.git
   65c5665..67c09d2  master -> master


----------

Sat Apr 25 2020 15:19:15 GMT-0400 (Eastern Daylight Time)

To github.com:kelindi/kelindi.github.io.git
   67c09d2..49c8829  master -> master


----------

Wed May 06 2020 15:44:43 GMT-0400 (Eastern Daylight Time)

To github.com:kelindi/kelindi.github.io.git
   49c8829..edc5ff1  master -> master


----------

Mon May 11 2020 20:32:09 GMT-0400 (Eastern Daylight Time)

To github.com:kelindi/kelindi.github.io.git
   edc5ff1..7895f4f  master -> master


----------

Sat May 16 2020 16:59:27 GMT-0400 (Eastern Daylight Time)

To github.com:kelindi/kelindi.github.io.git
   7895f4f..a629cc8  master -> master


----------

Sat May 16 2020 19:30:37 GMT-0400 (Eastern Daylight Time)

To github.com:kelindi/kelindi.github.io.git
   4049150..39875bc  master -> master


----------

Sat May 16 2020 19:34:42 GMT-0400 (Eastern Daylight Time)

To github.com:kelindi/kelindi.github.io.git
   39875bc..0598194  master -> master


----------

Sat May 16 2020 19:42:53 GMT-0400 (Eastern Daylight Time)

To github.com:kelindi/kelindi.github.io.git
   0598194..783cdc4  master -> master


----------

Sun May 17 2020 13:54:52 GMT-0400 (Eastern Daylight Time)

To github.com:kelindi/kelindi.github.io.git
   783cdc4..4e807ea  master -> master


